<?xml version="1.0" encoding="UTF-8"?>
<!-- Generated by org.testng.reporters.JUnitReportReporter -->
<testsuite hostname="LAPTOP-66PFEI4O" failures="0" tests="1" name="orikanIssues.ContactPageStateDropdown" time="5.767" errors="0" timestamp="2024-04-23T19:59:05 IST" skipped="0">
  <testcase classname="orikanIssues.ContactPageStateDropdown" name="ContactPageDropdown" time="5.767"/>
</testsuite> <!-- orikanIssues.ContactPageStateDropdown -->
