<?xml version="1.0" encoding="UTF-8"?>
<!-- Generated by org.testng.reporters.JUnitReportReporter -->
<testsuite hostname="LAPTOP-66PFEI4O" failures="0" tests="1" name="TestPrograms.ContactPageStateDropdown" time="6.186" errors="0" timestamp="2024-04-23T16:54:18 IST" skipped="0">
  <testcase classname="TestPrograms.ContactPageStateDropdown" name="ContactPageDropdown" time="6.186"/>
</testsuite> <!-- TestPrograms.ContactPageStateDropdown -->
